<?xml version="1.0" encoding="UTF-8"?>
<testsuite xmlns:xsi="http://www.w3.org/2001/XMLSchema-instance" xsi:noNamespaceSchemaLocation="https://maven.apache.org/surefire/maven-surefire-plugin/xsd/surefire-test-report.xsd" name="com.ilyavol.app.AppTest" time="0.017" tests="1" errors="0" skipped="0" failures="0">
  <properties>
    <property name="java.specification.version" value="20"/>
    <property name="sun.jnu.encoding" value="UTF-8"/>
    <property name="java.class.path" value="/Users/IlyaVolodin/JavaProjects/ComputerNetworks/cn-hw2/target/test-classes:/Users/IlyaVolodin/JavaProjects/ComputerNetworks/cn-hw2/target/classes:/Users/IlyaVolodin/.m2/repository/junit/junit/4.11/junit-4.11.jar:/Users/IlyaVolodin/.m2/repository/org/hamcrest/hamcrest-core/1.3/hamcrest-core-1.3.jar:/Users/IlyaVolodin/.m2/repository/net/java/dev/jna/jna/3.3.0/jna-3.3.0.jar:/Users/IlyaVolodin/.m2/repository/org/pcap4j/pcap4j-core/2.0.0-alpha.6/pcap4j-core-2.0.0-alpha.6.jar:/Users/IlyaVolodin/.m2/repository/org/pcap4j/pcap4j-packetfactory-static/2.0.0-alpha.6/pcap4j-packetfactory-static-2.0.0-alpha.6.jar:/Users/IlyaVolodin/.m2/repository/org/slf4j/slf4j-api/1.7.2/slf4j-api-1.7.2.jar:/Users/IlyaVolodin/.m2/repository/org/slf4j/slf4j-simple/1.6.2/slf4j-simple-1.6.2.jar:"/>
    <property name="java.vm.vendor" value="BellSoft"/>
    <property name="sun.arch.data.model" value="64"/>
    <property name="java.vendor.url" value="https://bell-sw.com/"/>
    <property name="os.name" value="Mac OS X"/>
    <property name="java.vm.specification.version" value="20"/>
    <property name="sun.java.launcher" value="SUN_STANDARD"/>
    <property name="user.country" value="RU"/>
    <property name="sun.boot.library.path" value="/Library/Java/JavaVirtualMachines/liberica-jdk-20-full.jdk/Contents/Home/lib"/>
    <property name="sun.java.command" value="/Users/IlyaVolodin/JavaProjects/ComputerNetworks/cn-hw2/target/surefire/surefirebooter11135105160902923317.jar /Users/IlyaVolodin/JavaProjects/ComputerNetworks/cn-hw2/target/surefire 2024-03-20T17-52-11_392-jvmRun1 surefire15657662561211873496tmp surefire_09282346205789335697tmp"/>
    <property name="http.nonProxyHosts" value="local|*.local|169.254/16|*.169.254/16"/>
    <property name="jdk.debug" value="release"/>
    <property name="surefire.test.class.path" value="/Users/IlyaVolodin/JavaProjects/ComputerNetworks/cn-hw2/target/test-classes:/Users/IlyaVolodin/JavaProjects/ComputerNetworks/cn-hw2/target/classes:/Users/IlyaVolodin/.m2/repository/junit/junit/4.11/junit-4.11.jar:/Users/IlyaVolodin/.m2/repository/org/hamcrest/hamcrest-core/1.3/hamcrest-core-1.3.jar:/Users/IlyaVolodin/.m2/repository/net/java/dev/jna/jna/3.3.0/jna-3.3.0.jar:/Users/IlyaVolodin/.m2/repository/org/pcap4j/pcap4j-core/2.0.0-alpha.6/pcap4j-core-2.0.0-alpha.6.jar:/Users/IlyaVolodin/.m2/repository/org/pcap4j/pcap4j-packetfactory-static/2.0.0-alpha.6/pcap4j-packetfactory-static-2.0.0-alpha.6.jar:/Users/IlyaVolodin/.m2/repository/org/slf4j/slf4j-api/1.7.2/slf4j-api-1.7.2.jar:/Users/IlyaVolodin/.m2/repository/org/slf4j/slf4j-simple/1.6.2/slf4j-simple-1.6.2.jar:"/>
    <property name="sun.cpu.endian" value="little"/>
    <property name="user.home" value="/Users/IlyaVolodin"/>
    <property name="user.language" value="en"/>
    <property name="java.specification.vendor" value="Oracle Corporation"/>
    <property name="java.version.date" value="2023-03-21"/>
    <property name="java.home" value="/Library/Java/JavaVirtualMachines/liberica-jdk-20-full.jdk/Contents/Home"/>
    <property name="file.separator" value="/"/>
    <property name="basedir" value="/Users/IlyaVolodin/JavaProjects/ComputerNetworks/cn-hw2"/>
    <property name="java.vm.compressedOopsMode" value="Zero based"/>
    <property name="line.separator" value="&#10;"/>
    <property name="java.vm.specification.vendor" value="Oracle Corporation"/>
    <property name="java.specification.name" value="Java Platform API Specification"/>
    <property name="apple.awt.application.name" value="ForkedBooter"/>
    <property name="surefire.real.class.path" value="/Users/IlyaVolodin/JavaProjects/ComputerNetworks/cn-hw2/target/surefire/surefirebooter11135105160902923317.jar"/>
    <property name="sun.management.compiler" value="HotSpot 64-Bit Tiered Compilers"/>
    <property name="ftp.nonProxyHosts" value="local|*.local|169.254/16|*.169.254/16"/>
    <property name="java.runtime.version" value="20+37"/>
    <property name="user.name" value="IlyaVolodin"/>
    <property name="stdout.encoding" value="UTF-8"/>
    <property name="path.separator" value=":"/>
    <property name="os.version" value="14.3.1"/>
    <property name="java.runtime.name" value="OpenJDK Runtime Environment"/>
    <property name="file.encoding" value="UTF-8"/>
    <property name="java.vm.name" value="OpenJDK 64-Bit Server VM"/>
    <property name="localRepository" value="/Users/IlyaVolodin/.m2/repository"/>
    <property name="java.vendor.url.bug" value="https://bell-sw.com/support"/>
    <property name="java.io.tmpdir" value="/var/folders/y6/cjwwf8k157j_pcrn8lng79bm0000gn/T/"/>
    <property name="java.version" value="20"/>
    <property name="user.dir" value="/Users/IlyaVolodin/JavaProjects/ComputerNetworks/cn-hw2"/>
    <property name="os.arch" value="aarch64"/>
    <property name="java.vm.specification.name" value="Java Virtual Machine Specification"/>
    <property name="native.encoding" value="UTF-8"/>
    <property name="java.library.path" value="/Users/IlyaVolodin/Library/Java/Extensions:/Library/Java/Extensions:/Network/Library/Java/Extensions:/System/Library/Java/Extensions:/usr/lib/java:."/>
    <property name="java.vm.info" value="mixed mode, sharing"/>
    <property name="stderr.encoding" value="UTF-8"/>
    <property name="java.vendor" value="BellSoft"/>
    <property name="java.vm.version" value="20+37"/>
    <property name="sun.io.unicode.encoding" value="UnicodeBig"/>
    <property name="socksNonProxyHosts" value="local|*.local|169.254/16|*.169.254/16"/>
    <property name="java.class.version" value="64.0"/>
  </properties>
  <testcase name="shouldAnswerWithTrue" classname="com.ilyavol.app.AppTest" time="0.002"/>
</testsuite>